<?xml version="1.0" encoding="UTF-8"?>
<testsuite xmlns:xsi="http://www.w3.org/2001/XMLSchema-instance" xsi:noNamespaceSchemaLocation="https://maven.apache.org/surefire/maven-surefire-plugin/xsd/surefire-test-report.xsd" name="hadoop.AppTest" time="0.045" tests="1" errors="0" skipped="0" failures="0">
  <properties>
    <property name="gopherProxySet" value="false"/>
    <property name="awt.toolkit" value="sun.lwawt.macosx.LWCToolkit"/>
    <property name="file.encoding.pkg" value="sun.io"/>
    <property name="java.specification.version" value="1.8"/>
    <property name="sun.cpu.isalist" value=""/>
    <property name="sun.jnu.encoding" value="UTF-8"/>
    <property name="java.class.path" value="/Users/lunli/Documents/School/Code/Java/myhadoopdemo/target/test-classes:/Users/lunli/Documents/School/Code/Java/myhadoopdemo/target/classes:/Users/lunli/.m2/repository/junit/junit/4.11/junit-4.11.jar:/Users/lunli/.m2/repository/org/hamcrest/hamcrest-core/1.3/hamcrest-core-1.3.jar:/Users/lunli/.m2/repository/org/apache/hadoop/hadoop-common/2.7.3/hadoop-common-2.7.3.jar:/Users/lunli/.m2/repository/org/apache/hadoop/hadoop-annotations/2.7.3/hadoop-annotations-2.7.3.jar:/Library/Java/JavaVirtualMachines/jdk1.8.0_201.jdk/Contents/Home/jre/../lib/tools.jar:/Users/lunli/.m2/repository/com/google/guava/guava/11.0.2/guava-11.0.2.jar:/Users/lunli/.m2/repository/commons-cli/commons-cli/1.2/commons-cli-1.2.jar:/Users/lunli/.m2/repository/org/apache/commons/commons-math3/3.1.1/commons-math3-3.1.1.jar:/Users/lunli/.m2/repository/xmlenc/xmlenc/0.52/xmlenc-0.52.jar:/Users/lunli/.m2/repository/commons-httpclient/commons-httpclient/3.1/commons-httpclient-3.1.jar:/Users/lunli/.m2/repository/commons-codec/commons-codec/1.4/commons-codec-1.4.jar:/Users/lunli/.m2/repository/commons-io/commons-io/2.4/commons-io-2.4.jar:/Users/lunli/.m2/repository/commons-net/commons-net/3.1/commons-net-3.1.jar:/Users/lunli/.m2/repository/commons-collections/commons-collections/3.2.2/commons-collections-3.2.2.jar:/Users/lunli/.m2/repository/javax/servlet/servlet-api/2.5/servlet-api-2.5.jar:/Users/lunli/.m2/repository/org/mortbay/jetty/jetty/6.1.26/jetty-6.1.26.jar:/Users/lunli/.m2/repository/org/mortbay/jetty/jetty-util/6.1.26/jetty-util-6.1.26.jar:/Users/lunli/.m2/repository/javax/servlet/jsp/jsp-api/2.1/jsp-api-2.1.jar:/Users/lunli/.m2/repository/com/sun/jersey/jersey-core/1.9/jersey-core-1.9.jar:/Users/lunli/.m2/repository/com/sun/jersey/jersey-json/1.9/jersey-json-1.9.jar:/Users/lunli/.m2/repository/org/codehaus/jettison/jettison/1.1/jettison-1.1.jar:/Users/lunli/.m2/repository/com/sun/xml/bind/jaxb-impl/2.2.3-1/jaxb-impl-2.2.3-1.jar:/Users/lunli/.m2/repository/org/codehaus/jackson/jackson-jaxrs/1.8.3/jackson-jaxrs-1.8.3.jar:/Users/lunli/.m2/repository/org/codehaus/jackson/jackson-xc/1.8.3/jackson-xc-1.8.3.jar:/Users/lunli/.m2/repository/com/sun/jersey/jersey-server/1.9/jersey-server-1.9.jar:/Users/lunli/.m2/repository/asm/asm/3.1/asm-3.1.jar:/Users/lunli/.m2/repository/commons-logging/commons-logging/1.1.3/commons-logging-1.1.3.jar:/Users/lunli/.m2/repository/log4j/log4j/1.2.17/log4j-1.2.17.jar:/Users/lunli/.m2/repository/net/java/dev/jets3t/jets3t/0.9.0/jets3t-0.9.0.jar:/Users/lunli/.m2/repository/org/apache/httpcomponents/httpclient/4.1.2/httpclient-4.1.2.jar:/Users/lunli/.m2/repository/org/apache/httpcomponents/httpcore/4.1.2/httpcore-4.1.2.jar:/Users/lunli/.m2/repository/com/jamesmurty/utils/java-xmlbuilder/0.4/java-xmlbuilder-0.4.jar:/Users/lunli/.m2/repository/commons-lang/commons-lang/2.6/commons-lang-2.6.jar:/Users/lunli/.m2/repository/commons-configuration/commons-configuration/1.6/commons-configuration-1.6.jar:/Users/lunli/.m2/repository/commons-digester/commons-digester/1.8/commons-digester-1.8.jar:/Users/lunli/.m2/repository/commons-beanutils/commons-beanutils/1.7.0/commons-beanutils-1.7.0.jar:/Users/lunli/.m2/repository/commons-beanutils/commons-beanutils-core/1.8.0/commons-beanutils-core-1.8.0.jar:/Users/lunli/.m2/repository/org/slf4j/slf4j-api/1.7.10/slf4j-api-1.7.10.jar:/Users/lunli/.m2/repository/org/slf4j/slf4j-log4j12/1.7.10/slf4j-log4j12-1.7.10.jar:/Users/lunli/.m2/repository/org/codehaus/jackson/jackson-core-asl/1.9.13/jackson-core-asl-1.9.13.jar:/Users/lunli/.m2/repository/org/codehaus/jackson/jackson-mapper-asl/1.9.13/jackson-mapper-asl-1.9.13.jar:/Users/lunli/.m2/repository/org/apache/avro/avro/1.7.4/avro-1.7.4.jar:/Users/lunli/.m2/repository/com/thoughtworks/paranamer/paranamer/2.3/paranamer-2.3.jar:/Users/lunli/.m2/repository/com/google/protobuf/protobuf-java/2.5.0/protobuf-java-2.5.0.jar:/Users/lunli/.m2/repository/com/google/code/gson/gson/2.2.4/gson-2.2.4.jar:/Users/lunli/.m2/repository/org/apache/hadoop/hadoop-auth/2.7.3/hadoop-auth-2.7.3.jar:/Users/lunli/.m2/repository/org/apache/directory/server/apacheds-kerberos-codec/2.0.0-M15/apacheds-kerberos-codec-2.0.0-M15.jar:/Users/lunli/.m2/repository/org/apache/directory/server/apacheds-i18n/2.0.0-M15/apacheds-i18n-2.0.0-M15.jar:/Users/lunli/.m2/repository/org/apache/directory/api/api-asn1-api/1.0.0-M20/api-asn1-api-1.0.0-M20.jar:/Users/lunli/.m2/repository/org/apache/directory/api/api-util/1.0.0-M20/api-util-1.0.0-M20.jar:/Users/lunli/.m2/repository/org/apache/curator/curator-framework/2.7.1/curator-framework-2.7.1.jar:/Users/lunli/.m2/repository/com/jcraft/jsch/0.1.42/jsch-0.1.42.jar:/Users/lunli/.m2/repository/org/apache/curator/curator-client/2.7.1/curator-client-2.7.1.jar:/Users/lunli/.m2/repository/org/apache/curator/curator-recipes/2.7.1/curator-recipes-2.7.1.jar:/Users/lunli/.m2/repository/com/google/code/findbugs/jsr305/3.0.0/jsr305-3.0.0.jar:/Users/lunli/.m2/repository/org/apache/htrace/htrace-core/3.1.0-incubating/htrace-core-3.1.0-incubating.jar:/Users/lunli/.m2/repository/org/apache/zookeeper/zookeeper/3.4.6/zookeeper-3.4.6.jar:/Users/lunli/.m2/repository/org/apache/commons/commons-compress/1.4.1/commons-compress-1.4.1.jar:/Users/lunli/.m2/repository/org/tukaani/xz/1.0/xz-1.0.jar:/Users/lunli/.m2/repository/org/apache/hadoop/hadoop-mapreduce-client-core/2.7.3/hadoop-mapreduce-client-core-2.7.3.jar:/Users/lunli/.m2/repository/org/apache/hadoop/hadoop-yarn-common/2.7.3/hadoop-yarn-common-2.7.3.jar:/Users/lunli/.m2/repository/org/apache/hadoop/hadoop-yarn-api/2.7.3/hadoop-yarn-api-2.7.3.jar:/Users/lunli/.m2/repository/javax/xml/bind/jaxb-api/2.2.2/jaxb-api-2.2.2.jar:/Users/lunli/.m2/repository/javax/xml/stream/stax-api/1.0-2/stax-api-1.0-2.jar:/Users/lunli/.m2/repository/javax/activation/activation/1.1/activation-1.1.jar:/Users/lunli/.m2/repository/com/sun/jersey/jersey-client/1.9/jersey-client-1.9.jar:/Users/lunli/.m2/repository/com/google/inject/guice/3.0/guice-3.0.jar:/Users/lunli/.m2/repository/javax/inject/javax.inject/1/javax.inject-1.jar:/Users/lunli/.m2/repository/aopalliance/aopalliance/1.0/aopalliance-1.0.jar:/Users/lunli/.m2/repository/com/sun/jersey/contribs/jersey-guice/1.9/jersey-guice-1.9.jar:/Users/lunli/.m2/repository/com/google/inject/extensions/guice-servlet/3.0/guice-servlet-3.0.jar:/Users/lunli/.m2/repository/io/netty/netty/3.6.2.Final/netty-3.6.2.Final.jar:/Users/lunli/.m2/repository/org/apache/kafka/kafka-clients/0.10.0.1/kafka-clients-0.10.0.1.jar:/Users/lunli/.m2/repository/net/jpountz/lz4/lz4/1.3.0/lz4-1.3.0.jar:/Users/lunli/.m2/repository/org/xerial/snappy/snappy-java/1.1.2.6/snappy-java-1.1.2.6.jar:"/>
    <property name="java.vm.vendor" value="Oracle Corporation"/>
    <property name="sun.arch.data.model" value="64"/>
    <property name="java.vendor.url" value="http://java.oracle.com/"/>
    <property name="user.timezone" value=""/>
    <property name="java.vm.specification.version" value="1.8"/>
    <property name="os.name" value="Mac OS X"/>
    <property name="user.country" value="CN"/>
    <property name="sun.java.launcher" value="SUN_STANDARD"/>
    <property name="sun.boot.library.path" value="/Library/Java/JavaVirtualMachines/jdk1.8.0_201.jdk/Contents/Home/jre/lib"/>
    <property name="sun.java.command" value="/Users/lunli/Documents/School/Code/Java/myhadoopdemo/target/surefire/surefirebooter5405067491005389893.jar /Users/lunli/Documents/School/Code/Java/myhadoopdemo/target/surefire 2019-03-21T18-16-26_337-jvmRun1 surefire438773298105646834tmp surefire_01318148971704649859tmp"/>
    <property name="http.nonProxyHosts" value="local|*.local|169.254/16|*.169.254/16"/>
    <property name="surefire.test.class.path" value="/Users/lunli/Documents/School/Code/Java/myhadoopdemo/target/test-classes:/Users/lunli/Documents/School/Code/Java/myhadoopdemo/target/classes:/Users/lunli/.m2/repository/junit/junit/4.11/junit-4.11.jar:/Users/lunli/.m2/repository/org/hamcrest/hamcrest-core/1.3/hamcrest-core-1.3.jar:/Users/lunli/.m2/repository/org/apache/hadoop/hadoop-common/2.7.3/hadoop-common-2.7.3.jar:/Users/lunli/.m2/repository/org/apache/hadoop/hadoop-annotations/2.7.3/hadoop-annotations-2.7.3.jar:/Library/Java/JavaVirtualMachines/jdk1.8.0_201.jdk/Contents/Home/jre/../lib/tools.jar:/Users/lunli/.m2/repository/com/google/guava/guava/11.0.2/guava-11.0.2.jar:/Users/lunli/.m2/repository/commons-cli/commons-cli/1.2/commons-cli-1.2.jar:/Users/lunli/.m2/repository/org/apache/commons/commons-math3/3.1.1/commons-math3-3.1.1.jar:/Users/lunli/.m2/repository/xmlenc/xmlenc/0.52/xmlenc-0.52.jar:/Users/lunli/.m2/repository/commons-httpclient/commons-httpclient/3.1/commons-httpclient-3.1.jar:/Users/lunli/.m2/repository/commons-codec/commons-codec/1.4/commons-codec-1.4.jar:/Users/lunli/.m2/repository/commons-io/commons-io/2.4/commons-io-2.4.jar:/Users/lunli/.m2/repository/commons-net/commons-net/3.1/commons-net-3.1.jar:/Users/lunli/.m2/repository/commons-collections/commons-collections/3.2.2/commons-collections-3.2.2.jar:/Users/lunli/.m2/repository/javax/servlet/servlet-api/2.5/servlet-api-2.5.jar:/Users/lunli/.m2/repository/org/mortbay/jetty/jetty/6.1.26/jetty-6.1.26.jar:/Users/lunli/.m2/repository/org/mortbay/jetty/jetty-util/6.1.26/jetty-util-6.1.26.jar:/Users/lunli/.m2/repository/javax/servlet/jsp/jsp-api/2.1/jsp-api-2.1.jar:/Users/lunli/.m2/repository/com/sun/jersey/jersey-core/1.9/jersey-core-1.9.jar:/Users/lunli/.m2/repository/com/sun/jersey/jersey-json/1.9/jersey-json-1.9.jar:/Users/lunli/.m2/repository/org/codehaus/jettison/jettison/1.1/jettison-1.1.jar:/Users/lunli/.m2/repository/com/sun/xml/bind/jaxb-impl/2.2.3-1/jaxb-impl-2.2.3-1.jar:/Users/lunli/.m2/repository/org/codehaus/jackson/jackson-jaxrs/1.8.3/jackson-jaxrs-1.8.3.jar:/Users/lunli/.m2/repository/org/codehaus/jackson/jackson-xc/1.8.3/jackson-xc-1.8.3.jar:/Users/lunli/.m2/repository/com/sun/jersey/jersey-server/1.9/jersey-server-1.9.jar:/Users/lunli/.m2/repository/asm/asm/3.1/asm-3.1.jar:/Users/lunli/.m2/repository/commons-logging/commons-logging/1.1.3/commons-logging-1.1.3.jar:/Users/lunli/.m2/repository/log4j/log4j/1.2.17/log4j-1.2.17.jar:/Users/lunli/.m2/repository/net/java/dev/jets3t/jets3t/0.9.0/jets3t-0.9.0.jar:/Users/lunli/.m2/repository/org/apache/httpcomponents/httpclient/4.1.2/httpclient-4.1.2.jar:/Users/lunli/.m2/repository/org/apache/httpcomponents/httpcore/4.1.2/httpcore-4.1.2.jar:/Users/lunli/.m2/repository/com/jamesmurty/utils/java-xmlbuilder/0.4/java-xmlbuilder-0.4.jar:/Users/lunli/.m2/repository/commons-lang/commons-lang/2.6/commons-lang-2.6.jar:/Users/lunli/.m2/repository/commons-configuration/commons-configuration/1.6/commons-configuration-1.6.jar:/Users/lunli/.m2/repository/commons-digester/commons-digester/1.8/commons-digester-1.8.jar:/Users/lunli/.m2/repository/commons-beanutils/commons-beanutils/1.7.0/commons-beanutils-1.7.0.jar:/Users/lunli/.m2/repository/commons-beanutils/commons-beanutils-core/1.8.0/commons-beanutils-core-1.8.0.jar:/Users/lunli/.m2/repository/org/slf4j/slf4j-api/1.7.10/slf4j-api-1.7.10.jar:/Users/lunli/.m2/repository/org/slf4j/slf4j-log4j12/1.7.10/slf4j-log4j12-1.7.10.jar:/Users/lunli/.m2/repository/org/codehaus/jackson/jackson-core-asl/1.9.13/jackson-core-asl-1.9.13.jar:/Users/lunli/.m2/repository/org/codehaus/jackson/jackson-mapper-asl/1.9.13/jackson-mapper-asl-1.9.13.jar:/Users/lunli/.m2/repository/org/apache/avro/avro/1.7.4/avro-1.7.4.jar:/Users/lunli/.m2/repository/com/thoughtworks/paranamer/paranamer/2.3/paranamer-2.3.jar:/Users/lunli/.m2/repository/com/google/protobuf/protobuf-java/2.5.0/protobuf-java-2.5.0.jar:/Users/lunli/.m2/repository/com/google/code/gson/gson/2.2.4/gson-2.2.4.jar:/Users/lunli/.m2/repository/org/apache/hadoop/hadoop-auth/2.7.3/hadoop-auth-2.7.3.jar:/Users/lunli/.m2/repository/org/apache/directory/server/apacheds-kerberos-codec/2.0.0-M15/apacheds-kerberos-codec-2.0.0-M15.jar:/Users/lunli/.m2/repository/org/apache/directory/server/apacheds-i18n/2.0.0-M15/apacheds-i18n-2.0.0-M15.jar:/Users/lunli/.m2/repository/org/apache/directory/api/api-asn1-api/1.0.0-M20/api-asn1-api-1.0.0-M20.jar:/Users/lunli/.m2/repository/org/apache/directory/api/api-util/1.0.0-M20/api-util-1.0.0-M20.jar:/Users/lunli/.m2/repository/org/apache/curator/curator-framework/2.7.1/curator-framework-2.7.1.jar:/Users/lunli/.m2/repository/com/jcraft/jsch/0.1.42/jsch-0.1.42.jar:/Users/lunli/.m2/repository/org/apache/curator/curator-client/2.7.1/curator-client-2.7.1.jar:/Users/lunli/.m2/repository/org/apache/curator/curator-recipes/2.7.1/curator-recipes-2.7.1.jar:/Users/lunli/.m2/repository/com/google/code/findbugs/jsr305/3.0.0/jsr305-3.0.0.jar:/Users/lunli/.m2/repository/org/apache/htrace/htrace-core/3.1.0-incubating/htrace-core-3.1.0-incubating.jar:/Users/lunli/.m2/repository/org/apache/zookeeper/zookeeper/3.4.6/zookeeper-3.4.6.jar:/Users/lunli/.m2/repository/org/apache/commons/commons-compress/1.4.1/commons-compress-1.4.1.jar:/Users/lunli/.m2/repository/org/tukaani/xz/1.0/xz-1.0.jar:/Users/lunli/.m2/repository/org/apache/hadoop/hadoop-mapreduce-client-core/2.7.3/hadoop-mapreduce-client-core-2.7.3.jar:/Users/lunli/.m2/repository/org/apache/hadoop/hadoop-yarn-common/2.7.3/hadoop-yarn-common-2.7.3.jar:/Users/lunli/.m2/repository/org/apache/hadoop/hadoop-yarn-api/2.7.3/hadoop-yarn-api-2.7.3.jar:/Users/lunli/.m2/repository/javax/xml/bind/jaxb-api/2.2.2/jaxb-api-2.2.2.jar:/Users/lunli/.m2/repository/javax/xml/stream/stax-api/1.0-2/stax-api-1.0-2.jar:/Users/lunli/.m2/repository/javax/activation/activation/1.1/activation-1.1.jar:/Users/lunli/.m2/repository/com/sun/jersey/jersey-client/1.9/jersey-client-1.9.jar:/Users/lunli/.m2/repository/com/google/inject/guice/3.0/guice-3.0.jar:/Users/lunli/.m2/repository/javax/inject/javax.inject/1/javax.inject-1.jar:/Users/lunli/.m2/repository/aopalliance/aopalliance/1.0/aopalliance-1.0.jar:/Users/lunli/.m2/repository/com/sun/jersey/contribs/jersey-guice/1.9/jersey-guice-1.9.jar:/Users/lunli/.m2/repository/com/google/inject/extensions/guice-servlet/3.0/guice-servlet-3.0.jar:/Users/lunli/.m2/repository/io/netty/netty/3.6.2.Final/netty-3.6.2.Final.jar:/Users/lunli/.m2/repository/org/apache/kafka/kafka-clients/0.10.0.1/kafka-clients-0.10.0.1.jar:/Users/lunli/.m2/repository/net/jpountz/lz4/lz4/1.3.0/lz4-1.3.0.jar:/Users/lunli/.m2/repository/org/xerial/snappy/snappy-java/1.1.2.6/snappy-java-1.1.2.6.jar:"/>
    <property name="sun.cpu.endian" value="little"/>
    <property name="user.home" value="/Users/lunli"/>
    <property name="user.language" value="en"/>
    <property name="java.specification.vendor" value="Oracle Corporation"/>
    <property name="java.home" value="/Library/Java/JavaVirtualMachines/jdk1.8.0_201.jdk/Contents/Home/jre"/>
    <property name="basedir" value="/Users/lunli/Documents/School/Code/Java/myhadoopdemo"/>
    <property name="file.separator" value="/"/>
    <property name="line.separator" value="&#10;"/>
    <property name="java.vm.specification.vendor" value="Oracle Corporation"/>
    <property name="java.specification.name" value="Java Platform API Specification"/>
    <property name="java.awt.graphicsenv" value="sun.awt.CGraphicsEnvironment"/>
    <property name="surefire.real.class.path" value="/Users/lunli/Documents/School/Code/Java/myhadoopdemo/target/surefire/surefirebooter5405067491005389893.jar"/>
    <property name="sun.boot.class.path" value="/Library/Java/JavaVirtualMachines/jdk1.8.0_201.jdk/Contents/Home/jre/lib/resources.jar:/Library/Java/JavaVirtualMachines/jdk1.8.0_201.jdk/Contents/Home/jre/lib/rt.jar:/Library/Java/JavaVirtualMachines/jdk1.8.0_201.jdk/Contents/Home/jre/lib/sunrsasign.jar:/Library/Java/JavaVirtualMachines/jdk1.8.0_201.jdk/Contents/Home/jre/lib/jsse.jar:/Library/Java/JavaVirtualMachines/jdk1.8.0_201.jdk/Contents/Home/jre/lib/jce.jar:/Library/Java/JavaVirtualMachines/jdk1.8.0_201.jdk/Contents/Home/jre/lib/charsets.jar:/Library/Java/JavaVirtualMachines/jdk1.8.0_201.jdk/Contents/Home/jre/lib/jfr.jar:/Library/Java/JavaVirtualMachines/jdk1.8.0_201.jdk/Contents/Home/jre/classes"/>
    <property name="sun.management.compiler" value="HotSpot 64-Bit Tiered Compilers"/>
    <property name="ftp.nonProxyHosts" value="local|*.local|169.254/16|*.169.254/16"/>
    <property name="java.runtime.version" value="1.8.0_201-b09"/>
    <property name="user.name" value="lunli"/>
    <property name="path.separator" value=":"/>
    <property name="os.version" value="10.14.3"/>
    <property name="java.endorsed.dirs" value="/Library/Java/JavaVirtualMachines/jdk1.8.0_201.jdk/Contents/Home/jre/lib/endorsed"/>
    <property name="java.runtime.name" value="Java(TM) SE Runtime Environment"/>
    <property name="file.encoding" value="UTF-8"/>
    <property name="java.vm.name" value="Java HotSpot(TM) 64-Bit Server VM"/>
    <property name="localRepository" value="/Users/lunli/.m2/repository"/>
    <property name="java.vendor.url.bug" value="http://bugreport.sun.com/bugreport/"/>
    <property name="java.io.tmpdir" value="/var/folders/79/mz9xvvgx3c367x36n6_422lr0000gn/T/"/>
    <property name="idea.version" value="2018.3.4"/>
    <property name="java.version" value="1.8.0_201"/>
    <property name="user.dir" value="/Users/lunli/Documents/School/Code/Java/myhadoopdemo"/>
    <property name="os.arch" value="x86_64"/>
    <property name="java.vm.specification.name" value="Java Virtual Machine Specification"/>
    <property name="java.awt.printerjob" value="sun.lwawt.macosx.CPrinterJob"/>
    <property name="sun.os.patch.level" value="unknown"/>
    <property name="java.library.path" value="/Users/lunli/Library/Java/Extensions:/Library/Java/Extensions:/Network/Library/Java/Extensions:/System/Library/Java/Extensions:/usr/lib/java:."/>
    <property name="java.vm.info" value="mixed mode"/>
    <property name="java.vendor" value="Oracle Corporation"/>
    <property name="java.vm.version" value="25.201-b09"/>
    <property name="java.ext.dirs" value="/Users/lunli/Library/Java/Extensions:/Library/Java/JavaVirtualMachines/jdk1.8.0_201.jdk/Contents/Home/jre/lib/ext:/Library/Java/Extensions:/Network/Library/Java/Extensions:/System/Library/Java/Extensions:/usr/lib/java"/>
    <property name="sun.io.unicode.encoding" value="UnicodeBig"/>
    <property name="java.class.version" value="52.0"/>
    <property name="socksNonProxyHosts" value="local|*.local|169.254/16|*.169.254/16"/>
  </properties>
  <testcase name="shouldAnswerWithTrue" classname="hadoop.AppTest" time="0.002"/>
</testsuite>